<?xml version="1.0" encoding="UTF-8"?>
<!-- Generated by org.testng.reporters.JUnitReportReporter -->
<testsuite hostname="DESKTOP-BE4RNUP" failures="0" tests="1" name="annotations.TestNG_Demo" time="3.540" errors="0" timestamp="2022-10-26T11:34:02 IST" skipped="0">
  <testcase classname="annotations.TestNG_Demo" name="validation" time="3.540"/>
  <system-out/>
</testsuite> <!-- annotations.TestNG_Demo -->
