<?xml version="1.0" encoding="UTF-8"?>
<!-- Generated by org.testng.reporters.JUnitReportReporter -->
<testsuite hostname="DESKTOP-BE4RNUP" failures="0" tests="2" name="annotations.AnnotationExamples" time="0.018" errors="0" timestamp="2022-10-26T10:45:31 IST" skipped="0">
  <testcase classname="annotations.AnnotationExamples" name="login" time="0.013"/>
  <system-out/>
  <testcase classname="annotations.AnnotationExamples" name="logout" time="0.005"/>
  <system-out/>
</testsuite> <!-- annotations.AnnotationExamples -->
