<?xml version="1.0" encoding="UTF-8"?>
<!-- Generated by org.testng.reporters.JUnitReportReporter -->
<testsuite hostname="DESKTOP-BE4RNUP" failures="0" tests="5" name="annotations.TestNGgroupDemo" time="0.024" errors="0" timestamp="2022-10-31T10:49:07 IST" skipped="0">
  <testcase classname="annotations.TestNGgroupDemo" name="testE2EAndAcceptanceAndIntegrationMessage" time="0.016"/>
  <system-out/>
  <testcase classname="annotations.TestNGgroupDemo" name="testingAcceptanceMessage" time="0.002"/>
  <system-out/>
  <testcase classname="annotations.TestNGgroupDemo" name="testE2EAndAcceptanceMessage" time="0.002"/>
  <system-out/>
  <testcase classname="annotations.TestNGgroupDemo" name="testPrintMessage" time="0.002"/>
  <system-out/>
  <testcase classname="annotations.TestNGgroupDemo" name="testE2EMessage" time="0.002"/>
  <system-out/>
</testsuite> <!-- annotations.TestNGgroupDemo -->
