<?xml version="1.0" encoding="UTF-8"?>
<!-- Generated by org.testng.reporters.JUnitReportReporter -->
<testsuite hostname="DESKTOP-BE4RNUP" failures="0" tests="3" name="annotations.TestNgPriorityDemo" time="0.020" errors="0" timestamp="2022-10-26T19:11:18 IST" skipped="1">
  <testcase classname="annotations.TestNgPriorityDemo" name="FirstTest" time="0.016"/>
  <system-out/>
  <testcase classname="annotations.TestNgPriorityDemo" name="SecoundTest" time="0.004"/>
  <system-out/>
  <testcase classname="annotations.TestNgPriorityDemo" name="ThirdTest">
    <skipped/>
  </testcase> <!-- ThirdTest -->
  <system-out/>
</testsuite> <!-- annotations.TestNgPriorityDemo -->
